2025-12-13 13:04:12 +0000  Initial pipeline context: <IDEDistributionProcessingPipelineContext: 0x12bfae410; archive(resolved)="<IDEArchive: 0x60001f373e90>", distributionTask(resolved)="2", distributionDestination(resolved)="1", distributionMethod(resolved)="<IDEDistributionMethodDevelopmentSigned: 0x60000996e460>", team(resolved)="<IDEProvisioningDisambiguatableBasicTeam: 0x600000012b00; teamID='L84543Y657', teamName='Swapnil Gadgadee', teamType='Individual', username='(null)', isFreeProvisioningTeam='0'>">
	Chain (16, self inclusive):
	<IDEDistributionProcessingPipelineContext: 0x12bfae410; archive = "<IDEArchive: 0x60001f373e90>", distributionMethod="<IDEDistributionMethodDevelopmentSigned: 0x60000996e460>", team="<IDEProvisioningDisambiguatableBasicTeam: 0x600000012b00; teamID='L84543Y657', teamName='Swapnil Gadgadee', teamType='Individual', username='(null)', isFreeProvisioningTeam='0'>">
	<IDEDistributionProcessingPipelineContext: 0x12bfb0f60; archive = "<IDEArchive: 0x60001f373e90>", distributionMethod="<IDEDistributionMethodDevelopmentSigned: 0x60000996e460>", team="<IDEProvisioningDisambiguatableBasicTeam: 0x600000012b00; teamID='L84543Y657', teamName='Swapnil Gadgadee', teamType='Individual', username='(null)', isFreeProvisioningTeam='0'>">
	<IDEDistributionContext: 0x12bfadd70; archive = "<IDEArchive: 0x60001f373e90>", distributionMethod="<IDEDistributionMethodDevelopmentSigned: 0x60000996e460>", team="<IDEProvisioningDisambiguatableBasicTeam: 0x600000012b00; teamID='L84543Y657', teamName='Swapnil Gadgadee', teamType='Individual', username='(null)', isFreeProvisioningTeam='0'>">
	<IDEDistributionContext: 0x12bfe28e0; archive = "<IDEArchive: 0x60001f373e90>", distributionMethod="<IDEDistributionMethodDevelopmentSigned: 0x60000996e460>", team="<IDEProvisioningDisambiguatableBasicTeam: 0x600000012b00; teamID='L84543Y657', teamName='Swapnil Gadgadee', teamType='Individual', username='(null)', isFreeProvisioningTeam='0'>">
	<IDEDistributionContext: 0x12bfe26d0; archive = "<IDEArchive: 0x60001f373e90>", distributionMethod="<IDEDistributionMethodDevelopmentSigned: 0x60000996e460>", team="<IDEProvisioningDisambiguatableBasicTeam: 0x600000012b00; teamID='L84543Y657', teamName='Swapnil Gadgadee', teamType='Individual', username='(null)', isFreeProvisioningTeam='0'>">
	<IDEDistributionContext: 0x12bfe24c0; archive = "<IDEArchive: 0x60001f373e90>", distributionMethod="<IDEDistributionMethodDevelopmentSigned: 0x60000996e460>", team="<IDEProvisioningDisambiguatableBasicTeam: 0x600000012b00; teamID='L84543Y657', teamName='Swapnil Gadgadee', teamType='Individual', username='(null)', isFreeProvisioningTeam='0'>">
	<IDEDistributionContext: 0x12bfe22b0; archive = "<IDEArchive: 0x60001f373e90>", distributionMethod="<IDEDistributionMethodDevelopmentSigned: 0x60000996e460>", team="<IDEProvisioningDisambiguatableBasicTeam: 0x600000012b00; teamID='L84543Y657', teamName='Swapnil Gadgadee', teamType='Individual', username='(null)', isFreeProvisioningTeam='0'>">
	<IDEDistributionContext: 0x333ba77c0; archive = "<IDEArchive: 0x60001f373e90>", distributionMethod="<IDEDistributionMethodDevelopmentSigned: 0x60000996e460>", team="<IDEProvisioningDisambiguatableBasicTeam: 0x600000012b00; teamID='L84543Y657', teamName='Swapnil Gadgadee', teamType='Individual', username='(null)', isFreeProvisioningTeam='0'>">
	<IDEDistributionContext: 0x12bfe18f0; archive = "<IDEArchive: 0x60001f373e90>", distributionMethod="<IDEDistributionMethodDevelopmentSigned: 0x60000996e460>", team="<IDEProvisioningDisambiguatableBasicTeam: 0x600000012b00; teamID='L84543Y657', teamName='Swapnil Gadgadee', teamType='Individual', username='(null)', isFreeProvisioningTeam='0'>">
	<IDEDistributionContext: 0x12bfe16e0; archive = "<IDEArchive: 0x60001f373e90>", distributionMethod="<IDEDistributionMethodDevelopmentSigned: 0x60000996e460>", team="(null)">
	<IDEDistributionContext: 0x12bfcc080; archive = "<IDEArchive: 0x60001f373e90>", distributionMethod="<IDEDistributionMethodDevelopmentSigned: 0x60000996e460>", team="(null)">
	<IDEDistributionContext: 0x12bfcbe70; archive = "<IDEArchive: 0x60001f373e90>", distributionMethod="<IDEDistributionMethodDevelopmentSigned: 0x60000996e460>", team="(null)">
	<IDEDistributionContext: 0x12ea770f0; archive = "<IDEArchive: 0x60001f373e90>", distributionMethod="<IDEDistributionMethodDevelopmentSigned: 0x60000996e460>", team="(null)">
	<IDEDistributionContext: 0x1101873b0; archive = "<IDEArchive: 0x60001f373e90>", distributionMethod="(null)", team="(null)">
	<IDEDistributionContext: 0x333bed4f0; archive = "<IDEArchive: 0x60001f373e90>", distributionMethod="(null)", team="(null)">
	<IDEDistributionContext: 0x341f3b860; archive = "<IDEArchive: 0x60001f373e90>", distributionMethod="(null)", team="(null)">
</IDEDistributionProcessingPipelineContext: 0x12bfae410>
2025-12-13 13:04:12 +0000  Processing step: IDEDistributionCreateDestRootStep
2025-12-13 13:04:12 +0000  Processing step: IDEDistributionCopyItemStep
2025-12-13 13:04:12 +0000  Running /usr/bin/ditto '-V' '/Users/swapnilgadgade/Library/Developer/Xcode/Archives/2025-12-13/SmartBudgetPWDA 13-12-25, 6.28 PM.xcarchive/Products/Applications/SmartBudgetPWDA.app' '/var/folders/6d/8y8j7pj52j52t53dmwv9xp0h0000gn/T/XcodeDistPipeline.~~~Yqc4MZ/Root/Payload/SmartBudgetPWDA.app'
2025-12-13 13:04:12 +0000  >>> Copying /Users/swapnilgadgade/Library/Developer/Xcode/Archives/2025-12-13/SmartBudgetPWDA 13-12-25, 6.28 PM.xcarchive/Products/Applications/SmartBudgetPWDA.app 
2025-12-13 13:04:12 +0000  copying file ./_CodeSignature/CodeResources ... 
2025-12-13 13:04:12 +0000  23993 bytes for ./_CodeSignature/CodeResources
2025-12-13 13:04:12 +0000  copying file ./Fontisto.ttf ... 
2025-12-13 13:04:12 +0000  313528 bytes for ./Fontisto.ttf
2025-12-13 13:04:12 +0000  copying file ./Octicons.ttf ... 
2025-12-13 13:04:12 +0000  49404 bytes for ./Octicons.ttf
2025-12-13 13:04:12 +0000  copying file ./Feather.ttf ... 
2025-12-13 13:04:12 +0000  56228 bytes for ./Feather.ttf
2025-12-13 13:04:12 +0000  copying file ./FontAwesome6_Regular.ttf ... 
2025-12-13 13:04:12 +0000  67976 bytes for ./FontAwesome6_Regular.ttf
2025-12-13 13:04:12 +0000  copying file ./Entypo.ttf ... 
2025-12-13 13:04:12 +0000  66200 bytes for ./Entypo.ttf
2025-12-13 13:04:12 +0000  copying file ./RNImagePickerPrivacyInfo.bundle/PrivacyInfo.xcprivacy ... 
2025-12-13 13:04:12 +0000  905 bytes for ./RNImagePickerPrivacyInfo.bundle/PrivacyInfo.xcprivacy
2025-12-13 13:04:12 +0000  copying file ./RNImagePickerPrivacyInfo.bundle/Info.plist ... 
2025-12-13 13:04:12 +0000  794 bytes for ./RNImagePickerPrivacyInfo.bundle/Info.plist
2025-12-13 13:04:12 +0000  copying file ./SmartBudgetPWDA ... 
2025-12-13 13:04:12 +0000  7378464 bytes for ./SmartBudgetPWDA
2025-12-13 13:04:12 +0000  copying file ./FontAwesome5_Brands.ttf ... 
2025-12-13 13:04:12 +0000  134040 bytes for ./FontAwesome5_Brands.ttf
2025-12-13 13:04:12 +0000  copying file ./MaterialCommunityIcons.ttf ... 
2025-12-13 13:04:12 +0000  1147844 bytes for ./MaterialCommunityIcons.ttf
2025-12-13 13:04:12 +0000  copying file ./glog_privacy.bundle/Info.plist ... 
2025-12-13 13:04:12 +0000  769 bytes for ./glog_privacy.bundle/Info.plist
2025-12-13 13:04:12 +0000  copying file ./AppIcon60x60@2x.png ... 
2025-12-13 13:04:12 +0000  35619 bytes for ./AppIcon60x60@2x.png
2025-12-13 13:04:12 +0000  copying file ./AntDesign.ttf ... 
2025-12-13 13:04:12 +0000  70344 bytes for ./AntDesign.ttf
2025-12-13 13:04:12 +0000  copying file ./RNCameraRollPrivacyInfo.bundle/PrivacyInfo.xcprivacy ... 
2025-12-13 13:04:12 +0000  905 bytes for ./RNCameraRollPrivacyInfo.bundle/PrivacyInfo.xcprivacy
2025-12-13 13:04:12 +0000  copying file ./RNCameraRollPrivacyInfo.bundle/Info.plist ... 
2025-12-13 13:04:12 +0000  793 bytes for ./RNCameraRollPrivacyInfo.bundle/Info.plist
2025-12-13 13:04:12 +0000  copying file ./Foundation.ttf ... 
2025-12-13 13:04:12 +0000  56976 bytes for ./Foundation.ttf
2025-12-13 13:04:12 +0000  copying file ./Ionicons.ttf ... 
2025-12-13 13:04:12 +0000  442604 bytes for ./Ionicons.ttf
2025-12-13 13:04:12 +0000  copying file ./FontAwesome5_Solid.ttf ... 
2025-12-13 13:04:12 +0000  202744 bytes for ./FontAwesome5_Solid.ttf
2025-12-13 13:04:12 +0000  copying file ./FontAwesome5_Regular.ttf ... 
2025-12-13 13:04:12 +0000  33736 bytes for ./FontAwesome5_Regular.ttf
2025-12-13 13:04:12 +0000  copying file ./RNDeviceInfoPrivacyInfo.bundle/PrivacyInfo.xcprivacy ... 
2025-12-13 13:04:12 +0000  1159 bytes for ./RNDeviceInfoPrivacyInfo.bundle/PrivacyInfo.xcprivacy
2025-12-13 13:04:12 +0000  copying file ./RNDeviceInfoPrivacyInfo.bundle/Info.plist ... 
2025-12-13 13:04:12 +0000  793 bytes for ./RNDeviceInfoPrivacyInfo.bundle/Info.plist
2025-12-13 13:04:12 +0000  copying file ./React-cxxreact_privacy.bundle/PrivacyInfo.xcprivacy ... 
2025-12-13 13:04:12 +0000  552 bytes for ./React-cxxreact_privacy.bundle/PrivacyInfo.xcprivacy
2025-12-13 13:04:12 +0000  copying file ./React-cxxreact_privacy.bundle/Info.plist ... 
2025-12-13 13:04:12 +0000  792 bytes for ./React-cxxreact_privacy.bundle/Info.plist
2025-12-13 13:04:12 +0000  copying file ./FontAwesome.ttf ... 
2025-12-13 13:04:12 +0000  165548 bytes for ./FontAwesome.ttf
2025-12-13 13:04:12 +0000  copying file ./Toast.bundle/PrivacyInfo.xcprivacy ... 
2025-12-13 13:04:12 +0000  372 bytes for ./Toast.bundle/PrivacyInfo.xcprivacy
2025-12-13 13:04:12 +0000  copying file ./Toast.bundle/Info.plist ... 
2025-12-13 13:04:12 +0000  755 bytes for ./Toast.bundle/Info.plist
2025-12-13 13:04:12 +0000  copying file ./Zocial.ttf ... 
2025-12-13 13:04:12 +0000  25788 bytes for ./Zocial.ttf
2025-12-13 13:04:12 +0000  copying file ./RCT-Folly_privacy.bundle/Info.plist ... 
2025-12-13 13:04:12 +0000  786 bytes for ./RCT-Folly_privacy.bundle/Info.plist
2025-12-13 13:04:12 +0000  copying file ./RNPermissionsPrivacyInfo.bundle/PrivacyInfo.xcprivacy ... 
2025-12-13 13:04:12 +0000  598 bytes for ./RNPermissionsPrivacyInfo.bundle/PrivacyInfo.xcprivacy
2025-12-13 13:04:12 +0000  copying file ./RNPermissionsPrivacyInfo.bundle/Info.plist ... 
2025-12-13 13:04:12 +0000  795 bytes for ./RNPermissionsPrivacyInfo.bundle/Info.plist
2025-12-13 13:04:12 +0000  copying file ./Assets.car ... 
2025-12-13 13:04:12 +0000  2307128 bytes for ./Assets.car
2025-12-13 13:04:12 +0000  copying file ./EvilIcons.ttf ... 
13456 bytes for ./EvilIcons.ttf
copying file ./AppIcon76x76@2x~ipad.png ... 
2025-12-13 13:04:12 +0000  54799 bytes for ./AppIcon76x76@2x~ipad.png
2025-12-13 13:04:12 +0000  copying file ./main.jsbundle ... 
2025-12-13 13:04:12 +0000  6473783 bytes for ./main.jsbundle
2025-12-13 13:04:12 +0000  copying file ./FontAwesome6_Solid.ttf ... 
2025-12-13 13:04:12 +0000  423676 bytes for ./FontAwesome6_Solid.ttf
2025-12-13 13:04:12 +0000  copying file ./PrivacyInfo.xcprivacy ... 
2025-12-13 13:04:12 +0000  501 bytes for ./PrivacyInfo.xcprivacy
2025-12-13 13:04:12 +0000  copying file ./LaunchScreen.storyboardc/01J-lp-oVM-view-Ze5-6b-2t3.nib ... 
2025-12-13 13:04:12 +0000  3823 bytes for ./LaunchScreen.storyboardc/01J-lp-oVM-view-Ze5-6b-2t3.nib
2025-12-13 13:04:12 +0000  copying file ./LaunchScreen.storyboardc/UIViewController-01J-lp-oVM.nib ... 
2025-12-13 13:04:12 +0000  924 bytes for ./LaunchScreen.storyboardc/UIViewController-01J-lp-oVM.nib
2025-12-13 13:04:12 +0000  copying file ./LaunchScreen.storyboardc/Info.plist ... 
2025-12-13 13:04:12 +0000  258 bytes for ./LaunchScreen.storyboardc/Info.plist
2025-12-13 13:04:12 +0000  copying file ./RNSVGFilters.bundle/RNSVGArithmeticFilter.iphoneos.metallib ... 
2025-12-13 13:04:12 +0000  3993 bytes for ./RNSVGFilters.bundle/RNSVGArithmeticFilter.iphoneos.metallib
2025-12-13 13:04:12 +0000  copying file ./RNSVGFilters.bundle/RNSVGCompositeXor.iphoneos.metallib ... 
2025-12-13 13:04:12 +0000  3509 bytes for ./RNSVGFilters.bundle/RNSVGCompositeXor.iphoneos.metallib
2025-12-13 13:04:12 +0000  copying file ./RNSVGFilters.bundle/Info.plist ... 
2025-12-13 13:04:12 +0000  771 bytes for ./RNSVGFilters.bundle/Info.plist
2025-12-13 13:04:12 +0000  copying file ./boost_privacy.bundle/Info.plist ... 
2025-12-13 13:04:12 +0000  772 bytes for ./boost_privacy.bundle/Info.plist
2025-12-13 13:04:12 +0000  copying file ./Frameworks/hermes.framework/_CodeSignature/CodeResources ... 
2025-12-13 13:04:12 +0000  1798 bytes for ./Frameworks/hermes.framework/_CodeSignature/CodeResources
2025-12-13 13:04:12 +0000  copying file ./Frameworks/hermes.framework/hermes ... 
2025-12-13 13:04:12 +0000  4665104 bytes for ./Frameworks/hermes.framework/hermes
copying file ./Frameworks/hermes.framework/Info.plist ... 
2025-12-13 13:04:12 +0000  859 bytes for ./Frameworks/hermes.framework/Info.plist
copying file ./SimpleLineIcons.ttf ... 
2025-12-13 13:04:12 +0000  54056 bytes for ./SimpleLineIcons.ttf
2025-12-13 13:04:12 +0000  copying file ./FontAwesome6_Brands.ttf ... 
2025-12-13 13:04:12 +0000  209376 bytes for ./FontAwesome6_Brands.ttf
2025-12-13 13:04:12 +0000  copying file ./embedded.mobileprovision ... 
2025-12-13 13:04:12 +0000  16408 bytes for ./embedded.mobileprovision
2025-12-13 13:04:12 +0000  copying file ./ReactNativeBlobUtilPrivacyInfo.bundle/PrivacyInfo.xcprivacy ... 
2025-12-13 13:04:12 +0000  753 bytes for ./ReactNativeBlobUtilPrivacyInfo.bundle/PrivacyInfo.xcprivacy
2025-12-13 13:04:12 +0000  copying file ./ReactNativeBlobUtilPrivacyInfo.bundle/Info.plist ... 
2025-12-13 13:04:12 +0000  808 bytes for ./ReactNativeBlobUtilPrivacyInfo.bundle/Info.plist
2025-12-13 13:04:12 +0000  copying file ./assets/node_modules/@react-navigation/elements/lib/module/assets/back-icon@3x.png ... 
2025-12-13 13:04:12 +0000  761 bytes for ./assets/node_modules/@react-navigation/elements/lib/module/assets/back-icon@3x.png
2025-12-13 13:04:12 +0000  copying file ./assets/node_modules/@react-navigation/elements/lib/module/assets/back-icon@2x.png ... 
2025-12-13 13:04:12 +0000  405 bytes for ./assets/node_modules/@react-navigation/elements/lib/module/assets/back-icon@2x.png
2025-12-13 13:04:12 +0000  copying file ./assets/node_modules/@react-navigation/elements/lib/module/assets/search-icon@2x.png ... 
2025-12-13 13:04:12 +0000  589 bytes for ./assets/node_modules/@react-navigation/elements/lib/module/assets/search-icon@2x.png
2025-12-13 13:04:12 +0000  copying file ./assets/node_modules/@react-navigation/elements/lib/module/assets/clear-icon@3x.png ... 
2025-12-13 13:04:12 +0000  502 bytes for ./assets/node_modules/@react-navigation/elements/lib/module/assets/clear-icon@3x.png
2025-12-13 13:04:12 +0000  copying file ./assets/node_modules/@react-navigation/elements/lib/module/assets/back-icon.png ... 
2025-12-13 13:04:12 +0000  290 bytes for ./assets/node_modules/@react-navigation/elements/lib/module/assets/back-icon.png
2025-12-13 13:04:12 +0000  copying file ./assets/node_modules/@react-navigation/elements/lib/module/assets/clear-icon@2x.png ... 
2025-12-13 13:04:12 +0000  334 bytes for ./assets/node_modules/@react-navigation/elements/lib/module/assets/clear-icon@2x.png
2025-12-13 13:04:12 +0000  copying file ./assets/node_modules/@react-navigation/elements/lib/module/assets/search-icon@3x.png ... 
2025-12-13 13:04:12 +0000  839 bytes for ./assets/node_modules/@react-navigation/elements/lib/module/assets/search-icon@3x.png
2025-12-13 13:04:12 +0000  copying file ./assets/node_modules/@react-navigation/elements/lib/module/assets/close-icon.png ... 
2025-12-13 13:04:12 +0000  141 bytes for ./assets/node_modules/@react-navigation/elements/lib/module/assets/close-icon.png
2025-12-13 13:04:12 +0000  copying file ./assets/node_modules/@react-navigation/elements/lib/module/assets/back-icon-mask.png ... 
2025-12-13 13:04:12 +0000  653 bytes for ./assets/node_modules/@react-navigation/elements/lib/module/assets/back-icon-mask.png
2025-12-13 13:04:12 +0000  copying file ./assets/node_modules/@react-navigation/elements/lib/module/assets/close-icon@2x.png ... 
2025-12-13 13:04:12 +0000  201 bytes for ./assets/node_modules/@react-navigation/elements/lib/module/assets/close-icon@2x.png
2025-12-13 13:04:12 +0000  copying file ./assets/node_modules/@react-navigation/elements/lib/module/assets/close-icon@3x.png ... 
2025-12-13 13:04:12 +0000  266 bytes for ./assets/node_modules/@react-navigation/elements/lib/module/assets/close-icon@3x.png
2025-12-13 13:04:12 +0000  copying file ./assets/node_modules/@react-navigation/elements/lib/module/assets/clear-icon.png ... 
2025-12-13 13:04:12 +0000  220 bytes for ./assets/node_modules/@react-navigation/elements/lib/module/assets/clear-icon.png
2025-12-13 13:04:12 +0000  copying file ./assets/node_modules/@react-navigation/elements/lib/module/assets/search-icon.png ... 
2025-12-13 13:04:12 +0000  317 bytes for ./assets/node_modules/@react-navigation/elements/lib/module/assets/search-icon.png
2025-12-13 13:04:12 +0000  copying file ./assets/node_modules/react-native-element-dropdown/src/assets/down.png ... 
2025-12-13 13:04:12 +0000  186 bytes for ./assets/node_modules/react-native-element-dropdown/src/assets/down.png
2025-12-13 13:04:12 +0000  copying file ./assets/node_modules/react-native-element-dropdown/src/assets/close.png ... 
2025-12-13 13:04:12 +0000  208 bytes for ./assets/node_modules/react-native-element-dropdown/src/assets/close.png
2025-12-13 13:04:12 +0000  copying file ./assets/src/assets/images/maharashtra.png ... 
2025-12-13 13:04:12 +0000  226763 bytes for ./assets/src/assets/images/maharashtra.png
2025-12-13 13:04:12 +0000  copying file ./assets/src/assets/images/Thiredimage.jpg ... 
2025-12-13 13:04:12 +0000  1841482 bytes for ./assets/src/assets/images/Thiredimage.jpg
copying file ./assets/src/assets/images/aaaa.png ... 
2025-12-13 13:04:12 +0000  190549 bytes for ./assets/src/assets/images/aaaa.png
2025-12-13 13:04:12 +0000  copying file ./assets/src/assets/images/secondimage.jpg ... 
2025-12-13 13:04:12 +0000  1669626 bytes for ./assets/src/assets/images/secondimage.jpg
copying file ./assets/src/assets/images/firstimage.jpg ... 
2025-12-13 13:04:12 +0000  1061894 bytes for ./assets/src/assets/images/firstimage.jpg
copying file ./assets/src/assets/images/profile.png ... 
2025-12-13 13:04:12 +0000  32174 bytes for ./assets/src/assets/images/profile.png
2025-12-13 13:04:12 +0000  copying file ./assets/src/assets/images/Devendra-Fadnavis.png ... 
2025-12-13 13:04:12 +0000  292038 bytes for ./assets/src/assets/images/Devendra-Fadnavis.png
2025-12-13 13:04:12 +0000  copying file ./assets/src/assets/images/Eknath.png ... 
2025-12-13 13:04:12 +0000  681690 bytes for ./assets/src/assets/images/Eknath.png
2025-12-13 13:04:12 +0000  copying file ./assets/src/assets/images/raje11.png ... 
2025-12-13 13:04:12 +0000  62469 bytes for ./assets/src/assets/images/raje11.png
2025-12-13 13:04:12 +0000  copying file ./assets/src/assets/images/smartbudget_logo_circle.png ... 
2025-12-13 13:04:12 +0000  1068909 bytes for ./assets/src/assets/images/smartbudget_logo_circle.png
2025-12-13 13:04:12 +0000  copying file ./assets/src/assets/images/smartbudgetSplash.png ... 
2025-12-13 13:04:12 +0000  1190818 bytes for ./assets/src/assets/images/smartbudgetSplash.png
2025-12-13 13:04:12 +0000  copying file ./assets/src/assets/images/Fourthimg.jpg ... 
2025-12-13 13:04:12 +0000  1407666 bytes for ./assets/src/assets/images/Fourthimg.jpg
2025-12-13 13:04:12 +0000  copying file ./Info.plist ... 
2025-12-13 13:04:12 +0000  2225 bytes for ./Info.plist
2025-12-13 13:04:12 +0000  copying file ./RNCAsyncStorage_resources.bundle/PrivacyInfo.xcprivacy ... 
2025-12-13 13:04:12 +0000  512 bytes for ./RNCAsyncStorage_resources.bundle/PrivacyInfo.xcprivacy
2025-12-13 13:04:12 +0000  copying file ./RNCAsyncStorage_resources.bundle/Info.plist ... 
2025-12-13 13:04:12 +0000  797 bytes for ./RNCAsyncStorage_resources.bundle/Info.plist
2025-12-13 13:04:12 +0000  copying file ./PkgInfo ... 
2025-12-13 13:04:12 +0000  8 bytes for ./PkgInfo
2025-12-13 13:04:12 +0000  copying file ./MaterialIcons.ttf ... 
2025-12-13 13:04:12 +0000  356840 bytes for ./MaterialIcons.ttf
2025-12-13 13:04:12 +0000  copying file ./React-Core_privacy.bundle/PrivacyInfo.xcprivacy ... 
2025-12-13 13:04:12 +0000  768 bytes for ./React-Core_privacy.bundle/PrivacyInfo.xcprivacy
2025-12-13 13:04:12 +0000  copying file ./React-Core_privacy.bundle/Info.plist ... 
2025-12-13 13:04:12 +0000  784 bytes for ./React-Core_privacy.bundle/Info.plist
2025-12-13 13:04:12 +0000  /usr/bin/ditto exited with 0
2025-12-13 13:04:12 +0000  Processing step: IDEDistributionEmbedProfileStep
2025-12-13 13:04:12 +0000  Skipping profile for item: <IDEDistributionItem: 0x60000fe0d7a0; bundleID='dev.hermesengine.iphoneos', path='<DVTFilePath:0x60001f3b2a00:'/Users/swapnilgadgade/Library/Developer/Xcode/Archives/2025-12-13/SmartBudgetPWDA 13-12-25, 6.28 PM.xcarchive/Products/Applications/SmartBudgetPWDA.app/Frameworks/hermes.framework'>', codeSigningInfo='<_DVTCodeSigningInformation_Path: 0x60000fe0e700; isSigned='1', isAdHocSigned='0', signingCertificate='<DVTSigningCertificate: 0x60001e186580; name='Apple Development: Swapnil Gadgadee (Y2W98G539A)', hash='6B121F174E5D97BE57DA0D1E53EDC6E63351586B', serialNumber='49438F65E4F9B80DDF43C106D607CE4D', certificateKinds='(
    "1.2.840.113635.100.6.1.12",
    "1.2.840.113635.100.6.1.2"
), issueDate='2025-05-12 10:42:07 +0000''>', entitlements='(null)', teamID='L84543Y657', identifier='dev.hermesengine.iphoneos', executablePath='<DVTFilePath:0x60000ff60060:'/Users/swapnilgadgade/Library/Developer/Xcode/Archives/2025-12-13/SmartBudgetPWDA 13-12-25, 6.28 PM.xcarchive/Products/Applications/SmartBudgetPWDA.app/Frameworks/hermes.framework/hermes'>', hardenedRuntime='0'>'>
2025-12-13 13:04:12 +0000  Processing step: IDEDistributionInfoPlistStep
2025-12-13 13:04:12 +0000  Skipping step: IDEDistributionInfoPlistStep because it said so
2025-12-13 13:04:12 +0000  Skipping step: IDEDistributionInfoPlistStep because it said so
2025-12-13 13:04:12 +0000  Processing step: IDEDistributionAppThinningPlistStep
2025-12-13 13:04:12 +0000  Skipping step: IDEDistributionAppThinningPlistStep because it said so
2025-12-13 13:04:12 +0000  Processing step: IDEDistributionSymbolsStep
2025-12-13 13:04:12 +0000  Skipping step: IDEDistributionSymbolsStep because it said so
2025-12-13 13:04:12 +0000  Processing step: IDEDistributionAppThinningStep
2025-12-13 13:04:12 +0000  Skipping step: IDEDistributionAppThinningStep because it said so
2025-12-13 13:04:12 +0000  Processing step: IDEDistributionArchThinningStep
2025-12-13 13:04:12 +0000  Archs to thin for item /Users/swapnilgadgade/Library/Developer/Xcode/Archives/2025-12-13/SmartBudgetPWDA 13-12-25, 6.28 PM.xcarchive/Products/Applications/SmartBudgetPWDA.app/Frameworks/hermes.framework are []
2025-12-13 13:04:12 +0000  Archs to thin for item /Users/swapnilgadgade/Library/Developer/Xcode/Archives/2025-12-13/SmartBudgetPWDA 13-12-25, 6.28 PM.xcarchive/Products/Applications/SmartBudgetPWDA.app are []
2025-12-13 13:04:12 +0000  Processing step: IDEDistributionODRStep
2025-12-13 13:04:12 +0000  Processing step: IDEDistributionStripXattrsStep
2025-12-13 13:04:12 +0000  Skipping stripping extended attributes because the codesign step will strip them.
2025-12-13 13:04:12 +0000  Skipping stripping extended attributes because the codesign step will strip them.
2025-12-13 13:04:12 +0000  Processing step: IDEDistributionCodesignStep
2025-12-13 13:04:12 +0000  Entitlements for <IDEDistributionItem: 0x60000fe0d7a0; bundleID='dev.hermesengine.iphoneos', path='<DVTFilePath:0x60001f3b2a00:'/Users/swapnilgadgade/Library/Developer/Xcode/Archives/2025-12-13/SmartBudgetPWDA 13-12-25, 6.28 PM.xcarchive/Products/Applications/SmartBudgetPWDA.app/Frameworks/hermes.framework'>', codeSigningInfo='<_DVTCodeSigningInformation_Path: 0x60000fe0e700; isSigned='1', isAdHocSigned='0', signingCertificate='<DVTSigningCertificate: 0x60001e186580; name='Apple Development: Swapnil Gadgadee (Y2W98G539A)', hash='6B121F174E5D97BE57DA0D1E53EDC6E63351586B', serialNumber='49438F65E4F9B80DDF43C106D607CE4D', certificateKinds='(
    "1.2.840.113635.100.6.1.12",
    "1.2.840.113635.100.6.1.2"
), issueDate='2025-05-12 10:42:07 +0000''>', entitlements='(null)', teamID='L84543Y657', identifier='dev.hermesengine.iphoneos', executablePath='<DVTFilePath:0x60000ff60060:'/Users/swapnilgadgade/Library/Developer/Xcode/Archives/2025-12-13/SmartBudgetPWDA 13-12-25, 6.28 PM.xcarchive/Products/Applications/SmartBudgetPWDA.app/Frameworks/hermes.framework/hermes'>', hardenedRuntime='0'>'>: {
}
2025-12-13 13:04:12 +0000  Associated App Clip Identifiers Filter: Skipping because "com.apple.developer.associated-appclip-app-identifiers" is not present
2025-12-13 13:04:12 +0000  Entitlements for <IDEDistributionItem: 0x60000fe0d7a0; bundleID='dev.hermesengine.iphoneos', path='<DVTFilePath:0x60001f3b2a00:'/Users/swapnilgadgade/Library/Developer/Xcode/Archives/2025-12-13/SmartBudgetPWDA 13-12-25, 6.28 PM.xcarchive/Products/Applications/SmartBudgetPWDA.app/Frameworks/hermes.framework'>', codeSigningInfo='<_DVTCodeSigningInformation_Path: 0x60000fe0e700; isSigned='1', isAdHocSigned='0', signingCertificate='<DVTSigningCertificate: 0x60001e186580; name='Apple Development: Swapnil Gadgadee (Y2W98G539A)', hash='6B121F174E5D97BE57DA0D1E53EDC6E63351586B', serialNumber='49438F65E4F9B80DDF43C106D607CE4D', certificateKinds='(
    "1.2.840.113635.100.6.1.12",
    "1.2.840.113635.100.6.1.2"
), issueDate='2025-05-12 10:42:07 +0000''>', entitlements='(null)', teamID='L84543Y657', identifier='dev.hermesengine.iphoneos', executablePath='<DVTFilePath:0x60000ff60060:'/Users/swapnilgadgade/Library/Developer/Xcode/Archives/2025-12-13/SmartBudgetPWDA 13-12-25, 6.28 PM.xcarchive/Products/Applications/SmartBudgetPWDA.app/Frameworks/hermes.framework/hermes'>', hardenedRuntime='0'>'> are: {
}
2025-12-13 13:04:12 +0000  Writing entitlements for <IDEDistributionItem: 0x60000fe0d7a0; bundleID='dev.hermesengine.iphoneos', path='<DVTFilePath:0x60001f3b2a00:'/Users/swapnilgadgade/Library/Developer/Xcode/Archives/2025-12-13/SmartBudgetPWDA 13-12-25, 6.28 PM.xcarchive/Products/Applications/SmartBudgetPWDA.app/Frameworks/hermes.framework'>', codeSigningInfo='<_DVTCodeSigningInformation_Path: 0x60000fe0e700; isSigned='1', isAdHocSigned='0', signingCertificate='<DVTSigningCertificate: 0x60001e186580; name='Apple Development: Swapnil Gadgadee (Y2W98G539A)', hash='6B121F174E5D97BE57DA0D1E53EDC6E63351586B', serialNumber='49438F65E4F9B80DDF43C106D607CE4D', certificateKinds='(
    "1.2.840.113635.100.6.1.12",
    "1.2.840.113635.100.6.1.2"
), issueDate='2025-05-12 10:42:07 +0000''>', entitlements='(null)', teamID='L84543Y657', identifier='dev.hermesengine.iphoneos', executablePath='<DVTFilePath:0x60000ff60060:'/Users/swapnilgadgade/Library/Developer/Xcode/Archives/2025-12-13/SmartBudgetPWDA 13-12-25, 6.28 PM.xcarchive/Products/Applications/SmartBudgetPWDA.app/Frameworks/hermes.framework/hermes'>', hardenedRuntime='0'>'> to: /var/folders/6d/8y8j7pj52j52t53dmwv9xp0h0000gn/T/XcodeDistPipeline.~~~Yqc4MZ/entitlements~~~Wgnveh
2025-12-13 13:04:12 +0000  invoking codesign: <NSConcreteTask: 0x600027a18fa0; launchPath='/usr/bin/codesign', arguments='(
    "-f",
    "-s",
    6B121F174E5D97BE57DA0D1E53EDC6E63351586B,
    "--entitlements",
    "/var/folders/6d/8y8j7pj52j52t53dmwv9xp0h0000gn/T/XcodeDistPipeline.~~~Yqc4MZ/entitlements~~~Wgnveh",
    "--preserve-metadata=identifier,flags,runtime,launch-constraints,library-constraints",
    "--generate-entitlement-der",
    "--strip-disallowed-xattrs",
    "-vvv",
    "/var/folders/6d/8y8j7pj52j52t53dmwv9xp0h0000gn/T/XcodeDistPipeline.~~~Yqc4MZ/Root/Payload/SmartBudgetPWDA.app/Frameworks/hermes.framework"
)'>
2025-12-13 13:04:18 +0000  codesign output: /var/folders/6d/8y8j7pj52j52t53dmwv9xp0h0000gn/T/XcodeDistPipeline.~~~Yqc4MZ/Root/Payload/SmartBudgetPWDA.app/Frameworks/hermes.framework: replacing existing signature
/var/folders/6d/8y8j7pj52j52t53dmwv9xp0h0000gn/T/XcodeDistPipeline.~~~Yqc4MZ/Root/Payload/SmartBudgetPWDA.app/Frameworks/hermes.framework: signed bundle with Mach-O thin (arm64) [dev.hermesengine.iphoneos]
2025-12-13 13:04:18 +0000  Entitlements for <IDEDistributionItem: 0x60000fe0c8a0; bundleID='org.sghiTech.RajSmartBudgetPWDA', path='<DVTFilePath:0x60001f3b6530:'/Users/swapnilgadgade/Library/Developer/Xcode/Archives/2025-12-13/SmartBudgetPWDA 13-12-25, 6.28 PM.xcarchive/Products/Applications/SmartBudgetPWDA.app'>', codeSigningInfo='<_DVTCodeSigningInformation_Path: 0x60000fe585a0; isSigned='1', isAdHocSigned='0', signingCertificate='<DVTSigningCertificate: 0x60001e186580; name='Apple Development: Swapnil Gadgadee (Y2W98G539A)', hash='6B121F174E5D97BE57DA0D1E53EDC6E63351586B', serialNumber='49438F65E4F9B80DDF43C106D607CE4D', certificateKinds='(
    "1.2.840.113635.100.6.1.12",
    "1.2.840.113635.100.6.1.2"
), issueDate='2025-05-12 10:42:07 +0000''>', entitlements='{
    "application-identifier" = "L84543Y657.org.sghiTech.RajSmartBudgetPWDA";
    "com.apple.developer.team-identifier" = L84543Y657;
    "get-task-allow" = 1;
}', teamID='L84543Y657', identifier='org.sghiTech.RajSmartBudgetPWDA', executablePath='<DVTFilePath:0x60000ff2d140:'/Users/swapnilgadgade/Library/Developer/Xcode/Archives/2025-12-13/SmartBudgetPWDA 13-12-25, 6.28 PM.xcarchive/Products/Applications/SmartBudgetPWDA.app/SmartBudgetPWDA'>', hardenedRuntime='0'>'>: {
    "application-identifier" = "L84543Y657.org.sghiTech.RajSmartBudgetPWDA";
    "com.apple.developer.team-identifier" = L84543Y657;
    "get-task-allow" = 1;
}
2025-12-13 13:04:18 +0000  Associated App Clip Identifiers Filter: Skipping because "com.apple.developer.associated-appclip-app-identifiers" is not present
2025-12-13 13:04:18 +0000  Entitlements for <IDEDistributionItem: 0x60000fe0c8a0; bundleID='org.sghiTech.RajSmartBudgetPWDA', path='<DVTFilePath:0x60001f3b6530:'/Users/swapnilgadgade/Library/Developer/Xcode/Archives/2025-12-13/SmartBudgetPWDA 13-12-25, 6.28 PM.xcarchive/Products/Applications/SmartBudgetPWDA.app'>', codeSigningInfo='<_DVTCodeSigningInformation_Path: 0x60000fe585a0; isSigned='1', isAdHocSigned='0', signingCertificate='<DVTSigningCertificate: 0x60001e186580; name='Apple Development: Swapnil Gadgadee (Y2W98G539A)', hash='6B121F174E5D97BE57DA0D1E53EDC6E63351586B', serialNumber='49438F65E4F9B80DDF43C106D607CE4D', certificateKinds='(
    "1.2.840.113635.100.6.1.12",
    "1.2.840.113635.100.6.1.2"
), issueDate='2025-05-12 10:42:07 +0000''>', entitlements='{
    "application-identifier" = "L84543Y657.org.sghiTech.RajSmartBudgetPWDA";
    "com.apple.developer.team-identifier" = L84543Y657;
    "get-task-allow" = 1;
}', teamID='L84543Y657', identifier='org.sghiTech.RajSmartBudgetPWDA', executablePath='<DVTFilePath:0x60000ff2d140:'/Users/swapnilgadgade/Library/Developer/Xcode/Archives/2025-12-13/SmartBudgetPWDA 13-12-25, 6.28 PM.xcarchive/Products/Applications/SmartBudgetPWDA.app/SmartBudgetPWDA'>', hardenedRuntime='0'>'> are: {
    "application-identifier" = "L84543Y657.org.sghiTech.RajSmartBudgetPWDA";
    "com.apple.developer.team-identifier" = L84543Y657;
    "get-task-allow" = 1;
}
2025-12-13 13:04:18 +0000  Writing entitlements for <IDEDistributionItem: 0x60000fe0c8a0; bundleID='org.sghiTech.RajSmartBudgetPWDA', path='<DVTFilePath:0x60001f3b6530:'/Users/swapnilgadgade/Library/Developer/Xcode/Archives/2025-12-13/SmartBudgetPWDA 13-12-25, 6.28 PM.xcarchive/Products/Applications/SmartBudgetPWDA.app'>', codeSigningInfo='<_DVTCodeSigningInformation_Path: 0x60000fe585a0; isSigned='1', isAdHocSigned='0', signingCertificate='<DVTSigningCertificate: 0x60001e186580; name='Apple Development: Swapnil Gadgadee (Y2W98G539A)', hash='6B121F174E5D97BE57DA0D1E53EDC6E63351586B', serialNumber='49438F65E4F9B80DDF43C106D607CE4D', certificateKinds='(
    "1.2.840.113635.100.6.1.12",
    "1.2.840.113635.100.6.1.2"
), issueDate='2025-05-12 10:42:07 +0000''>', entitlements='{
    "application-identifier" = "L84543Y657.org.sghiTech.RajSmartBudgetPWDA";
    "com.apple.developer.team-identifier" = L84543Y657;
    "get-task-allow" = 1;
}', teamID='L84543Y657', identifier='org.sghiTech.RajSmartBudgetPWDA', executablePath='<DVTFilePath:0x60000ff2d140:'/Users/swapnilgadgade/Library/Developer/Xcode/Archives/2025-12-13/SmartBudgetPWDA 13-12-25, 6.28 PM.xcarchive/Products/Applications/SmartBudgetPWDA.app/SmartBudgetPWDA'>', hardenedRuntime='0'>'> to: /var/folders/6d/8y8j7pj52j52t53dmwv9xp0h0000gn/T/XcodeDistPipeline.~~~Yqc4MZ/entitlements~~~TucSgY
2025-12-13 13:04:18 +0000  invoking codesign: <NSConcreteTask: 0x600027d01db0; launchPath='/usr/bin/codesign', arguments='(
    "-f",
    "-s",
    6B121F174E5D97BE57DA0D1E53EDC6E63351586B,
    "--entitlements",
    "/var/folders/6d/8y8j7pj52j52t53dmwv9xp0h0000gn/T/XcodeDistPipeline.~~~Yqc4MZ/entitlements~~~TucSgY",
    "--preserve-metadata=identifier,flags,runtime,launch-constraints,library-constraints",
    "--generate-entitlement-der",
    "--strip-disallowed-xattrs",
    "-vvv",
    "/var/folders/6d/8y8j7pj52j52t53dmwv9xp0h0000gn/T/XcodeDistPipeline.~~~Yqc4MZ/Root/Payload/SmartBudgetPWDA.app"
)'>
2025-12-13 13:04:24 +0000  codesign output: /var/folders/6d/8y8j7pj52j52t53dmwv9xp0h0000gn/T/XcodeDistPipeline.~~~Yqc4MZ/Root/Payload/SmartBudgetPWDA.app: replacing existing signature
/var/folders/6d/8y8j7pj52j52t53dmwv9xp0h0000gn/T/XcodeDistPipeline.~~~Yqc4MZ/Root/Payload/SmartBudgetPWDA.app: signed app bundle with Mach-O thin (arm64) [org.sghiTech.RajSmartBudgetPWDA]
2025-12-13 13:04:24 +0000  Processing step: IDEDistributionZipODRItemStep
2025-12-13 13:04:24 +0000  Skipping step: IDEDistributionZipODRItemStep because it said so
2025-12-13 13:04:24 +0000  Skipping step: IDEDistributionZipODRItemStep because it said so
2025-12-13 13:04:24 +0000  Processing step: IDEDistributionCreateIPAStep
2025-12-13 13:04:24 +0000  Running /usr/bin/ditto '-V' '-c' '-k' '--norsrc' '/var/folders/6d/8y8j7pj52j52t53dmwv9xp0h0000gn/T/XcodeDistPipeline.~~~Yqc4MZ/Root' '/var/folders/6d/8y8j7pj52j52t53dmwv9xp0h0000gn/T/XcodeDistPipeline.~~~Yqc4MZ/Packages/SmartBudgetPWDA.ipa'
2025-12-13 13:04:24 +0000  >>> Copying /var/folders/6d/8y8j7pj52j52t53dmwv9xp0h0000gn/T/XcodeDistPipeline.~~~Yqc4MZ/Root 
2025-12-13 13:04:24 +0000  copying file ./Payload/SmartBudgetPWDA.app/_CodeSignature/CodeResources ... 
2025-12-13 13:04:24 +0000  23993 bytes for ./Payload/SmartBudgetPWDA.app/_CodeSignature/CodeResources
2025-12-13 13:04:24 +0000  copying file ./Payload/SmartBudgetPWDA.app/Fontisto.ttf ... 
2025-12-13 13:04:24 +0000  313528 bytes for ./Payload/SmartBudgetPWDA.app/Fontisto.ttf
2025-12-13 13:04:24 +0000  copying file ./Payload/SmartBudgetPWDA.app/Octicons.ttf ... 
2025-12-13 13:04:24 +0000  49404 bytes for ./Payload/SmartBudgetPWDA.app/Octicons.ttf
2025-12-13 13:04:24 +0000  copying file ./Payload/SmartBudgetPWDA.app/Feather.ttf ... 
2025-12-13 13:04:24 +0000  56228 bytes for ./Payload/SmartBudgetPWDA.app/Feather.ttf
2025-12-13 13:04:24 +0000  copying file ./Payload/SmartBudgetPWDA.app/FontAwesome6_Regular.ttf ... 
2025-12-13 13:04:24 +0000  67976 bytes for ./Payload/SmartBudgetPWDA.app/FontAwesome6_Regular.ttf
2025-12-13 13:04:24 +0000  copying file ./Payload/SmartBudgetPWDA.app/Entypo.ttf ... 
2025-12-13 13:04:24 +0000  66200 bytes for ./Payload/SmartBudgetPWDA.app/Entypo.ttf
2025-12-13 13:04:24 +0000  copying file ./Payload/SmartBudgetPWDA.app/RNImagePickerPrivacyInfo.bundle/PrivacyInfo.xcprivacy ... 
2025-12-13 13:04:24 +0000  905 bytes for ./Payload/SmartBudgetPWDA.app/RNImagePickerPrivacyInfo.bundle/PrivacyInfo.xcprivacy
2025-12-13 13:04:24 +0000  copying file ./Payload/SmartBudgetPWDA.app/RNImagePickerPrivacyInfo.bundle/Info.plist ... 
2025-12-13 13:04:24 +0000  794 bytes for ./Payload/SmartBudgetPWDA.app/RNImagePickerPrivacyInfo.bundle/Info.plist
2025-12-13 13:04:24 +0000  copying file ./Payload/SmartBudgetPWDA.app/SmartBudgetPWDA ... 
2025-12-13 13:04:24 +0000  7378464 bytes for ./Payload/SmartBudgetPWDA.app/SmartBudgetPWDA
2025-12-13 13:04:24 +0000  copying file ./Payload/SmartBudgetPWDA.app/FontAwesome5_Brands.ttf ... 
2025-12-13 13:04:24 +0000  134040 bytes for ./Payload/SmartBudgetPWDA.app/FontAwesome5_Brands.ttf
2025-12-13 13:04:24 +0000  copying file ./Payload/SmartBudgetPWDA.app/MaterialCommunityIcons.ttf ... 
2025-12-13 13:04:24 +0000  1147844 bytes for ./Payload/SmartBudgetPWDA.app/MaterialCommunityIcons.ttf
2025-12-13 13:04:24 +0000  copying file ./Payload/SmartBudgetPWDA.app/glog_privacy.bundle/Info.plist ... 
2025-12-13 13:04:24 +0000  769 bytes for ./Payload/SmartBudgetPWDA.app/glog_privacy.bundle/Info.plist
2025-12-13 13:04:24 +0000  copying file ./Payload/SmartBudgetPWDA.app/AppIcon60x60@2x.png ... 
2025-12-13 13:04:24 +0000  35619 bytes for ./Payload/SmartBudgetPWDA.app/AppIcon60x60@2x.png
2025-12-13 13:04:24 +0000  copying file ./Payload/SmartBudgetPWDA.app/AntDesign.ttf ... 
2025-12-13 13:04:24 +0000  70344 bytes for ./Payload/SmartBudgetPWDA.app/AntDesign.ttf
2025-12-13 13:04:24 +0000  copying file ./Payload/SmartBudgetPWDA.app/RNCameraRollPrivacyInfo.bundle/PrivacyInfo.xcprivacy ... 
2025-12-13 13:04:24 +0000  905 bytes for ./Payload/SmartBudgetPWDA.app/RNCameraRollPrivacyInfo.bundle/PrivacyInfo.xcprivacy
2025-12-13 13:04:24 +0000  copying file ./Payload/SmartBudgetPWDA.app/RNCameraRollPrivacyInfo.bundle/Info.plist ... 
2025-12-13 13:04:24 +0000  793 bytes for ./Payload/SmartBudgetPWDA.app/RNCameraRollPrivacyInfo.bundle/Info.plist
2025-12-13 13:04:24 +0000  copying file ./Payload/SmartBudgetPWDA.app/Foundation.ttf ... 
2025-12-13 13:04:24 +0000  56976 bytes for ./Payload/SmartBudgetPWDA.app/Foundation.ttf
2025-12-13 13:04:24 +0000  copying file ./Payload/SmartBudgetPWDA.app/Ionicons.ttf ... 
2025-12-13 13:04:24 +0000  442604 bytes for ./Payload/SmartBudgetPWDA.app/Ionicons.ttf
copying file ./Payload/SmartBudgetPWDA.app/FontAwesome5_Solid.ttf ... 
2025-12-13 13:04:24 +0000  202744 bytes for ./Payload/SmartBudgetPWDA.app/FontAwesome5_Solid.ttf
copying file ./Payload/SmartBudgetPWDA.app/FontAwesome5_Regular.ttf ... 
2025-12-13 13:04:24 +0000  33736 bytes for ./Payload/SmartBudgetPWDA.app/FontAwesome5_Regular.ttf
2025-12-13 13:04:24 +0000  copying file ./Payload/SmartBudgetPWDA.app/RNDeviceInfoPrivacyInfo.bundle/PrivacyInfo.xcprivacy ... 
2025-12-13 13:04:24 +0000  1159 bytes for ./Payload/SmartBudgetPWDA.app/RNDeviceInfoPrivacyInfo.bundle/PrivacyInfo.xcprivacy
2025-12-13 13:04:24 +0000  copying file ./Payload/SmartBudgetPWDA.app/RNDeviceInfoPrivacyInfo.bundle/Info.plist ... 
2025-12-13 13:04:24 +0000  793 bytes for ./Payload/SmartBudgetPWDA.app/RNDeviceInfoPrivacyInfo.bundle/Info.plist
2025-12-13 13:04:24 +0000  copying file ./Payload/SmartBudgetPWDA.app/React-cxxreact_privacy.bundle/PrivacyInfo.xcprivacy ... 
2025-12-13 13:04:24 +0000  552 bytes for ./Payload/SmartBudgetPWDA.app/React-cxxreact_privacy.bundle/PrivacyInfo.xcprivacy
2025-12-13 13:04:24 +0000  copying file ./Payload/SmartBudgetPWDA.app/React-cxxreact_privacy.bundle/Info.plist ... 
2025-12-13 13:04:24 +0000  792 bytes for ./Payload/SmartBudgetPWDA.app/React-cxxreact_privacy.bundle/Info.plist
2025-12-13 13:04:24 +0000  copying file ./Payload/SmartBudgetPWDA.app/FontAwesome.ttf ... 
2025-12-13 13:04:24 +0000  165548 bytes for ./Payload/SmartBudgetPWDA.app/FontAwesome.ttf
2025-12-13 13:04:24 +0000  copying file ./Payload/SmartBudgetPWDA.app/Toast.bundle/PrivacyInfo.xcprivacy ... 
2025-12-13 13:04:24 +0000  372 bytes for ./Payload/SmartBudgetPWDA.app/Toast.bundle/PrivacyInfo.xcprivacy
2025-12-13 13:04:24 +0000  copying file ./Payload/SmartBudgetPWDA.app/Toast.bundle/Info.plist ... 
2025-12-13 13:04:24 +0000  755 bytes for ./Payload/SmartBudgetPWDA.app/Toast.bundle/Info.plist
2025-12-13 13:04:24 +0000  copying file ./Payload/SmartBudgetPWDA.app/Zocial.ttf ... 
2025-12-13 13:04:24 +0000  25788 bytes for ./Payload/SmartBudgetPWDA.app/Zocial.ttf
2025-12-13 13:04:24 +0000  copying file ./Payload/SmartBudgetPWDA.app/RCT-Folly_privacy.bundle/Info.plist ... 
2025-12-13 13:04:24 +0000  786 bytes for ./Payload/SmartBudgetPWDA.app/RCT-Folly_privacy.bundle/Info.plist
2025-12-13 13:04:24 +0000  copying file ./Payload/SmartBudgetPWDA.app/RNPermissionsPrivacyInfo.bundle/PrivacyInfo.xcprivacy ... 
2025-12-13 13:04:24 +0000  598 bytes for ./Payload/SmartBudgetPWDA.app/RNPermissionsPrivacyInfo.bundle/PrivacyInfo.xcprivacy
2025-12-13 13:04:24 +0000  copying file ./Payload/SmartBudgetPWDA.app/RNPermissionsPrivacyInfo.bundle/Info.plist ... 
2025-12-13 13:04:24 +0000  795 bytes for ./Payload/SmartBudgetPWDA.app/RNPermissionsPrivacyInfo.bundle/Info.plist
2025-12-13 13:04:24 +0000  copying file ./Payload/SmartBudgetPWDA.app/Assets.car ... 
2025-12-13 13:04:24 +0000  2307128 bytes for ./Payload/SmartBudgetPWDA.app/Assets.car
2025-12-13 13:04:24 +0000  copying file ./Payload/SmartBudgetPWDA.app/EvilIcons.ttf ... 
2025-12-13 13:04:24 +0000  13456 bytes for ./Payload/SmartBudgetPWDA.app/EvilIcons.ttf
2025-12-13 13:04:24 +0000  copying file ./Payload/SmartBudgetPWDA.app/AppIcon76x76@2x~ipad.png ... 
2025-12-13 13:04:24 +0000  54799 bytes for ./Payload/SmartBudgetPWDA.app/AppIcon76x76@2x~ipad.png
copying file ./Payload/SmartBudgetPWDA.app/main.jsbundle ... 
2025-12-13 13:04:25 +0000  6473783 bytes for ./Payload/SmartBudgetPWDA.app/main.jsbundle
copying file ./Payload/SmartBudgetPWDA.app/FontAwesome6_Solid.ttf ... 
2025-12-13 13:04:25 +0000  423676 bytes for ./Payload/SmartBudgetPWDA.app/FontAwesome6_Solid.ttf
2025-12-13 13:04:25 +0000  copying file ./Payload/SmartBudgetPWDA.app/PrivacyInfo.xcprivacy ... 
2025-12-13 13:04:25 +0000  501 bytes for ./Payload/SmartBudgetPWDA.app/PrivacyInfo.xcprivacy
2025-12-13 13:04:25 +0000  copying file ./Payload/SmartBudgetPWDA.app/LaunchScreen.storyboardc/01J-lp-oVM-view-Ze5-6b-2t3.nib ... 
2025-12-13 13:04:25 +0000  3823 bytes for ./Payload/SmartBudgetPWDA.app/LaunchScreen.storyboardc/01J-lp-oVM-view-Ze5-6b-2t3.nib
2025-12-13 13:04:25 +0000  copying file ./Payload/SmartBudgetPWDA.app/LaunchScreen.storyboardc/UIViewController-01J-lp-oVM.nib ... 
2025-12-13 13:04:25 +0000  924 bytes for ./Payload/SmartBudgetPWDA.app/LaunchScreen.storyboardc/UIViewController-01J-lp-oVM.nib
2025-12-13 13:04:25 +0000  copying file ./Payload/SmartBudgetPWDA.app/LaunchScreen.storyboardc/Info.plist ... 
2025-12-13 13:04:25 +0000  258 bytes for ./Payload/SmartBudgetPWDA.app/LaunchScreen.storyboardc/Info.plist
2025-12-13 13:04:25 +0000  copying file ./Payload/SmartBudgetPWDA.app/RNSVGFilters.bundle/RNSVGArithmeticFilter.iphoneos.metallib ... 
2025-12-13 13:04:25 +0000  3993 bytes for ./Payload/SmartBudgetPWDA.app/RNSVGFilters.bundle/RNSVGArithmeticFilter.iphoneos.metallib
2025-12-13 13:04:25 +0000  copying file ./Payload/SmartBudgetPWDA.app/RNSVGFilters.bundle/RNSVGCompositeXor.iphoneos.metallib ... 
2025-12-13 13:04:25 +0000  3509 bytes for ./Payload/SmartBudgetPWDA.app/RNSVGFilters.bundle/RNSVGCompositeXor.iphoneos.metallib
2025-12-13 13:04:25 +0000  copying file ./Payload/SmartBudgetPWDA.app/RNSVGFilters.bundle/Info.plist ... 
2025-12-13 13:04:25 +0000  771 bytes for ./Payload/SmartBudgetPWDA.app/RNSVGFilters.bundle/Info.plist
2025-12-13 13:04:25 +0000  copying file ./Payload/SmartBudgetPWDA.app/boost_privacy.bundle/Info.plist ... 
2025-12-13 13:04:25 +0000  772 bytes for ./Payload/SmartBudgetPWDA.app/boost_privacy.bundle/Info.plist
2025-12-13 13:04:25 +0000  copying file ./Payload/SmartBudgetPWDA.app/Frameworks/hermes.framework/_CodeSignature/CodeResources ... 
2025-12-13 13:04:25 +0000  1798 bytes for ./Payload/SmartBudgetPWDA.app/Frameworks/hermes.framework/_CodeSignature/CodeResources
2025-12-13 13:04:25 +0000  copying file ./Payload/SmartBudgetPWDA.app/Frameworks/hermes.framework/hermes ... 
2025-12-13 13:04:25 +0000  4665104 bytes for ./Payload/SmartBudgetPWDA.app/Frameworks/hermes.framework/hermes
2025-12-13 13:04:25 +0000  copying file ./Payload/SmartBudgetPWDA.app/Frameworks/hermes.framework/Info.plist ... 
2025-12-13 13:04:25 +0000  859 bytes for ./Payload/SmartBudgetPWDA.app/Frameworks/hermes.framework/Info.plist
copying file ./Payload/SmartBudgetPWDA.app/SimpleLineIcons.ttf ... 
2025-12-13 13:04:25 +0000  54056 bytes for ./Payload/SmartBudgetPWDA.app/SimpleLineIcons.ttf
2025-12-13 13:04:25 +0000  copying file ./Payload/SmartBudgetPWDA.app/FontAwesome6_Brands.ttf ... 
2025-12-13 13:04:25 +0000  209376 bytes for ./Payload/SmartBudgetPWDA.app/FontAwesome6_Brands.ttf
2025-12-13 13:04:25 +0000  copying file ./Payload/SmartBudgetPWDA.app/embedded.mobileprovision ... 
2025-12-13 13:04:25 +0000  16408 bytes for ./Payload/SmartBudgetPWDA.app/embedded.mobileprovision
2025-12-13 13:04:25 +0000  copying file ./Payload/SmartBudgetPWDA.app/ReactNativeBlobUtilPrivacyInfo.bundle/PrivacyInfo.xcprivacy ... 
2025-12-13 13:04:25 +0000  753 bytes for ./Payload/SmartBudgetPWDA.app/ReactNativeBlobUtilPrivacyInfo.bundle/PrivacyInfo.xcprivacy
2025-12-13 13:04:25 +0000  copying file ./Payload/SmartBudgetPWDA.app/ReactNativeBlobUtilPrivacyInfo.bundle/Info.plist ... 
2025-12-13 13:04:25 +0000  808 bytes for ./Payload/SmartBudgetPWDA.app/ReactNativeBlobUtilPrivacyInfo.bundle/Info.plist
2025-12-13 13:04:25 +0000  copying file ./Payload/SmartBudgetPWDA.app/assets/node_modules/@react-navigation/elements/lib/module/assets/back-icon@3x.png ... 
2025-12-13 13:04:25 +0000  761 bytes for ./Payload/SmartBudgetPWDA.app/assets/node_modules/@react-navigation/elements/lib/module/assets/back-icon@3x.png
2025-12-13 13:04:25 +0000  copying file ./Payload/SmartBudgetPWDA.app/assets/node_modules/@react-navigation/elements/lib/module/assets/back-icon@2x.png ... 
2025-12-13 13:04:25 +0000  405 bytes for ./Payload/SmartBudgetPWDA.app/assets/node_modules/@react-navigation/elements/lib/module/assets/back-icon@2x.png
2025-12-13 13:04:25 +0000  copying file ./Payload/SmartBudgetPWDA.app/assets/node_modules/@react-navigation/elements/lib/module/assets/search-icon@2x.png ... 
2025-12-13 13:04:25 +0000  589 bytes for ./Payload/SmartBudgetPWDA.app/assets/node_modules/@react-navigation/elements/lib/module/assets/search-icon@2x.png
2025-12-13 13:04:25 +0000  copying file ./Payload/SmartBudgetPWDA.app/assets/node_modules/@react-navigation/elements/lib/module/assets/clear-icon@3x.png ... 
2025-12-13 13:04:25 +0000  502 bytes for ./Payload/SmartBudgetPWDA.app/assets/node_modules/@react-navigation/elements/lib/module/assets/clear-icon@3x.png
2025-12-13 13:04:25 +0000  copying file ./Payload/SmartBudgetPWDA.app/assets/node_modules/@react-navigation/elements/lib/module/assets/back-icon.png ... 
2025-12-13 13:04:25 +0000  290 bytes for ./Payload/SmartBudgetPWDA.app/assets/node_modules/@react-navigation/elements/lib/module/assets/back-icon.png
2025-12-13 13:04:25 +0000  copying file ./Payload/SmartBudgetPWDA.app/assets/node_modules/@react-navigation/elements/lib/module/assets/clear-icon@2x.png ... 
2025-12-13 13:04:25 +0000  334 bytes for ./Payload/SmartBudgetPWDA.app/assets/node_modules/@react-navigation/elements/lib/module/assets/clear-icon@2x.png
2025-12-13 13:04:25 +0000  copying file ./Payload/SmartBudgetPWDA.app/assets/node_modules/@react-navigation/elements/lib/module/assets/search-icon@3x.png ... 
2025-12-13 13:04:25 +0000  839 bytes for ./Payload/SmartBudgetPWDA.app/assets/node_modules/@react-navigation/elements/lib/module/assets/search-icon@3x.png
2025-12-13 13:04:25 +0000  copying file ./Payload/SmartBudgetPWDA.app/assets/node_modules/@react-navigation/elements/lib/module/assets/close-icon.png ... 
2025-12-13 13:04:25 +0000  141 bytes for ./Payload/SmartBudgetPWDA.app/assets/node_modules/@react-navigation/elements/lib/module/assets/close-icon.png
2025-12-13 13:04:25 +0000  copying file ./Payload/SmartBudgetPWDA.app/assets/node_modules/@react-navigation/elements/lib/module/assets/back-icon-mask.png ... 
2025-12-13 13:04:25 +0000  653 bytes for ./Payload/SmartBudgetPWDA.app/assets/node_modules/@react-navigation/elements/lib/module/assets/back-icon-mask.png
2025-12-13 13:04:25 +0000  copying file ./Payload/SmartBudgetPWDA.app/assets/node_modules/@react-navigation/elements/lib/module/assets/close-icon@2x.png ... 
2025-12-13 13:04:25 +0000  201 bytes for ./Payload/SmartBudgetPWDA.app/assets/node_modules/@react-navigation/elements/lib/module/assets/close-icon@2x.png
2025-12-13 13:04:25 +0000  copying file ./Payload/SmartBudgetPWDA.app/assets/node_modules/@react-navigation/elements/lib/module/assets/close-icon@3x.png ... 
2025-12-13 13:04:25 +0000  266 bytes for ./Payload/SmartBudgetPWDA.app/assets/node_modules/@react-navigation/elements/lib/module/assets/close-icon@3x.png
2025-12-13 13:04:25 +0000  copying file ./Payload/SmartBudgetPWDA.app/assets/node_modules/@react-navigation/elements/lib/module/assets/clear-icon.png ... 
2025-12-13 13:04:25 +0000  220 bytes for ./Payload/SmartBudgetPWDA.app/assets/node_modules/@react-navigation/elements/lib/module/assets/clear-icon.png
2025-12-13 13:04:25 +0000  copying file ./Payload/SmartBudgetPWDA.app/assets/node_modules/@react-navigation/elements/lib/module/assets/search-icon.png ... 
2025-12-13 13:04:25 +0000  317 bytes for ./Payload/SmartBudgetPWDA.app/assets/node_modules/@react-navigation/elements/lib/module/assets/search-icon.png
2025-12-13 13:04:25 +0000  copying file ./Payload/SmartBudgetPWDA.app/assets/node_modules/react-native-element-dropdown/src/assets/down.png ... 
2025-12-13 13:04:25 +0000  186 bytes for ./Payload/SmartBudgetPWDA.app/assets/node_modules/react-native-element-dropdown/src/assets/down.png
2025-12-13 13:04:25 +0000  copying file ./Payload/SmartBudgetPWDA.app/assets/node_modules/react-native-element-dropdown/src/assets/close.png ... 
2025-12-13 13:04:25 +0000  208 bytes for ./Payload/SmartBudgetPWDA.app/assets/node_modules/react-native-element-dropdown/src/assets/close.png
2025-12-13 13:04:25 +0000  copying file ./Payload/SmartBudgetPWDA.app/assets/src/assets/images/maharashtra.png ... 
2025-12-13 13:04:25 +0000  226763 bytes for ./Payload/SmartBudgetPWDA.app/assets/src/assets/images/maharashtra.png
2025-12-13 13:04:25 +0000  copying file ./Payload/SmartBudgetPWDA.app/assets/src/assets/images/Thiredimage.jpg ... 
2025-12-13 13:04:25 +0000  1841482 bytes for ./Payload/SmartBudgetPWDA.app/assets/src/assets/images/Thiredimage.jpg
2025-12-13 13:04:25 +0000  copying file ./Payload/SmartBudgetPWDA.app/assets/src/assets/images/aaaa.png ... 
2025-12-13 13:04:25 +0000  190549 bytes for ./Payload/SmartBudgetPWDA.app/assets/src/assets/images/aaaa.png
2025-12-13 13:04:25 +0000  copying file ./Payload/SmartBudgetPWDA.app/assets/src/assets/images/secondimage.jpg ... 
2025-12-13 13:04:25 +0000  1669626 bytes for ./Payload/SmartBudgetPWDA.app/assets/src/assets/images/secondimage.jpg
2025-12-13 13:04:25 +0000  copying file ./Payload/SmartBudgetPWDA.app/assets/src/assets/images/firstimage.jpg ... 
2025-12-13 13:04:25 +0000  1061894 bytes for ./Payload/SmartBudgetPWDA.app/assets/src/assets/images/firstimage.jpg
2025-12-13 13:04:25 +0000  copying file ./Payload/SmartBudgetPWDA.app/assets/src/assets/images/profile.png ... 
2025-12-13 13:04:25 +0000  32174 bytes for ./Payload/SmartBudgetPWDA.app/assets/src/assets/images/profile.png
2025-12-13 13:04:25 +0000  copying file ./Payload/SmartBudgetPWDA.app/assets/src/assets/images/Devendra-Fadnavis.png ... 
2025-12-13 13:04:25 +0000  292038 bytes for ./Payload/SmartBudgetPWDA.app/assets/src/assets/images/Devendra-Fadnavis.png
2025-12-13 13:04:25 +0000  copying file ./Payload/SmartBudgetPWDA.app/assets/src/assets/images/Eknath.png ... 
2025-12-13 13:04:25 +0000  681690 bytes for ./Payload/SmartBudgetPWDA.app/assets/src/assets/images/Eknath.png
copying file ./Payload/SmartBudgetPWDA.app/assets/src/assets/images/raje11.png ... 
2025-12-13 13:04:25 +0000  62469 bytes for ./Payload/SmartBudgetPWDA.app/assets/src/assets/images/raje11.png
2025-12-13 13:04:25 +0000  copying file ./Payload/SmartBudgetPWDA.app/assets/src/assets/images/smartbudget_logo_circle.png ... 
2025-12-13 13:04:25 +0000  1068909 bytes for ./Payload/SmartBudgetPWDA.app/assets/src/assets/images/smartbudget_logo_circle.png
2025-12-13 13:04:25 +0000  copying file ./Payload/SmartBudgetPWDA.app/assets/src/assets/images/smartbudgetSplash.png ... 
2025-12-13 13:04:25 +0000  1190818 bytes for ./Payload/SmartBudgetPWDA.app/assets/src/assets/images/smartbudgetSplash.png
2025-12-13 13:04:25 +0000  copying file ./Payload/SmartBudgetPWDA.app/assets/src/assets/images/Fourthimg.jpg ... 
2025-12-13 13:04:25 +0000  1407666 bytes for ./Payload/SmartBudgetPWDA.app/assets/src/assets/images/Fourthimg.jpg
2025-12-13 13:04:25 +0000  copying file ./Payload/SmartBudgetPWDA.app/Info.plist ... 
2025-12-13 13:04:25 +0000  2225 bytes for ./Payload/SmartBudgetPWDA.app/Info.plist
2025-12-13 13:04:25 +0000  copying file ./Payload/SmartBudgetPWDA.app/RNCAsyncStorage_resources.bundle/PrivacyInfo.xcprivacy ... 
2025-12-13 13:04:25 +0000  512 bytes for ./Payload/SmartBudgetPWDA.app/RNCAsyncStorage_resources.bundle/PrivacyInfo.xcprivacy
2025-12-13 13:04:25 +0000  copying file ./Payload/SmartBudgetPWDA.app/RNCAsyncStorage_resources.bundle/Info.plist ... 
2025-12-13 13:04:25 +0000  797 bytes for ./Payload/SmartBudgetPWDA.app/RNCAsyncStorage_resources.bundle/Info.plist
2025-12-13 13:04:25 +0000  copying file ./Payload/SmartBudgetPWDA.app/PkgInfo ... 
2025-12-13 13:04:25 +0000  8 bytes for ./Payload/SmartBudgetPWDA.app/PkgInfo
2025-12-13 13:04:25 +0000  copying file ./Payload/SmartBudgetPWDA.app/MaterialIcons.ttf ... 
2025-12-13 13:04:25 +0000  356840 bytes for ./Payload/SmartBudgetPWDA.app/MaterialIcons.ttf
2025-12-13 13:04:25 +0000  copying file ./Payload/SmartBudgetPWDA.app/React-Core_privacy.bundle/PrivacyInfo.xcprivacy ... 
2025-12-13 13:04:25 +0000  768 bytes for ./Payload/SmartBudgetPWDA.app/React-Core_privacy.bundle/PrivacyInfo.xcprivacy
2025-12-13 13:04:25 +0000  copying file ./Payload/SmartBudgetPWDA.app/React-Core_privacy.bundle/Info.plist ... 
2025-12-13 13:04:25 +0000  784 bytes for ./Payload/SmartBudgetPWDA.app/React-Core_privacy.bundle/Info.plist
2025-12-13 13:04:25 +0000  /usr/bin/ditto exited with 0
2025-12-13 13:04:25 +0000  Processing step: IDEDistributionAppStoreInformationStep
2025-12-13 13:04:25 +0000  Skipping step: IDEDistributionAppStoreInformationStep because it said so
2025-12-13 13:04:25 +0000  Processing step: IDEDistributionGenerateProcessedDistributionItems
2025-12-13 13:04:25 +0000  IDEDistributionItem init <DVTFilePath:0x60001f2471e0:'/var/folders/6d/8y8j7pj52j52t53dmwv9xp0h0000gn/T/XcodeDistPipeline.~~~Yqc4MZ/Root/Payload/SmartBudgetPWDA.app/Frameworks/hermes.framework'>
2025-12-13 13:04:25 +0000  IDEDistributionItem init <DVTFilePath:0x60001f275960:'/var/folders/6d/8y8j7pj52j52t53dmwv9xp0h0000gn/T/XcodeDistPipeline.~~~Yqc4MZ/Root/Payload/SmartBudgetPWDA.app'>
2025-12-13 13:04:25 +0000  Processing step: IDEDistributionCreateManifestStep
